<?xml version="1.0" encoding="UTF-8"?>
<testng-results ignored="0" total="4" passed="4" failed="0" skipped="0">
  <reporter-output>
  </reporter-output>
  <suite started-at="2022-09-02T12:42:20 WIB" name="Default suite" finished-at="2022-09-02T12:43:44 WIB" duration-ms="84179">
    <groups>
      <group name="cucumber">
        <method signature="AbstractTestNGCucumberTests.runScenario(io.cucumber.testng.PickleWrapper,io.cucumber.testng.FeatureWrapper)[pri:0, instance:com.juaracoding.pageobject.TestRunnerOne@4cc451f2]" name="runScenario" class="io.cucumber.testng.AbstractTestNGCucumberTests"/>
      </group> <!-- cucumber -->
    </groups>
    <test started-at="2022-09-02T12:42:20 WIB" name="Default test" finished-at="2022-09-02T12:43:44 WIB" duration-ms="84179">
      <class name="com.juaracoding.pageobject.TestRunnerOne">
        <test-method is-config="true" signature="setUpClass(org.testng.ITestContext)[pri:0, instance:com.juaracoding.pageobject.TestRunnerOne@4cc451f2]" started-at="2022-09-02T12:42:20 WIB" name="setUpClass" finished-at="2022-09-02T12:42:22 WIB" duration-ms="2529" status="PASS">
          <params>
            <param index="0">
              <value>
                <![CDATA[org.testng.TestRunner@43bf5397]]>
              </value>
            </param>
          </params>
          <reporter-output>
          </reporter-output>
        </test-method> <!-- setUpClass -->
        <test-method signature="runScenario(io.cucumber.testng.PickleWrapper,io.cucumber.testng.FeatureWrapper)[pri:0, instance:com.juaracoding.pageobject.TestRunnerOne@4cc451f2]" started-at="2022-09-02T12:42:22 WIB" name="runScenario" description="Runs Cucumber Scenarios" data-provider="scenarios" finished-at="2022-09-02T12:43:18 WIB" duration-ms="56051" status="PASS">
          <params>
            <param index="0">
              <value>
                <![CDATA["Account failed login"]]>
              </value>
            </param>
            <param index="1">
              <value>
                <![CDATA["Login Account"]]>
              </value>
            </param>
          </params>
          <reporter-output>
          </reporter-output>
        </test-method> <!-- runScenario -->
        <test-method signature="runScenario(io.cucumber.testng.PickleWrapper,io.cucumber.testng.FeatureWrapper)[pri:0, instance:com.juaracoding.pageobject.TestRunnerOne@4cc451f2]" started-at="2022-09-02T12:43:18 WIB" name="runScenario" description="Runs Cucumber Scenarios" data-provider="scenarios" finished-at="2022-09-02T12:43:26 WIB" duration-ms="8339" status="PASS">
          <params>
            <param index="0">
              <value>
                <![CDATA["Account succes login"]]>
              </value>
            </param>
            <param index="1">
              <value>
                <![CDATA["Login Account"]]>
              </value>
            </param>
          </params>
          <reporter-output>
          </reporter-output>
        </test-method> <!-- runScenario -->
        <test-method signature="runScenario(io.cucumber.testng.PickleWrapper,io.cucumber.testng.FeatureWrapper)[pri:0, instance:com.juaracoding.pageobject.TestRunnerOne@4cc451f2]" started-at="2022-09-02T12:43:26 WIB" name="runScenario" description="Runs Cucumber Scenarios" data-provider="scenarios" finished-at="2022-09-02T12:43:29 WIB" duration-ms="2894" status="PASS">
          <params>
            <param index="0">
              <value>
                <![CDATA["Search product"]]>
              </value>
            </param>
            <param index="1">
              <value>
                <![CDATA["Checkout Product"]]>
              </value>
            </param>
          </params>
          <reporter-output>
          </reporter-output>
        </test-method> <!-- runScenario -->
        <test-method signature="runScenario(io.cucumber.testng.PickleWrapper,io.cucumber.testng.FeatureWrapper)[pri:0, instance:com.juaracoding.pageobject.TestRunnerOne@4cc451f2]" started-at="2022-09-02T12:43:29 WIB" name="runScenario" description="Runs Cucumber Scenarios" data-provider="scenarios" finished-at="2022-09-02T12:43:40 WIB" duration-ms="10249" status="PASS">
          <params>
            <param index="0">
              <value>
                <![CDATA["Add 2 product and checkout"]]>
              </value>
            </param>
            <param index="1">
              <value>
                <![CDATA["Checkout Product"]]>
              </value>
            </param>
          </params>
          <reporter-output>
          </reporter-output>
        </test-method> <!-- runScenario -->
        <test-method is-config="true" signature="tearDownClass()[pri:0, instance:com.juaracoding.pageobject.TestRunnerOne@4cc451f2]" started-at="2022-09-02T12:43:40 WIB" name="tearDownClass" finished-at="2022-09-02T12:43:44 WIB" duration-ms="3983" status="PASS">
          <reporter-output>
          </reporter-output>
        </test-method> <!-- tearDownClass -->
      </class> <!-- com.juaracoding.pageobject.TestRunnerOne -->
    </test> <!-- Default test -->
  </suite> <!-- Default suite -->
</testng-results>
